<?xml version="1.0" encoding="UTF-8"?>
<!-- Generated by org.testng.reporters.JUnitReportReporter -->
<testsuite skipped="0" hostname="DESKTOP-SH9FNBM" name="com.firstMavenProject.testCases.TC_EditCustomerTest_004" tests="1" failures="0" timestamp="2020-09-01T11:25:33 PDT" time="6.695" errors="0">
  <testcase name="editCustomerDetails" time="6.695" classname="com.firstMavenProject.testCases.TC_EditCustomerTest_004"/>
  <system-out/>
</testsuite> <!-- com.firstMavenProject.testCases.TC_EditCustomerTest_004 -->
