<?xml version="1.0" encoding="UTF-8"?>
<!-- Generated by org.testng.reporters.JUnitReportReporter -->
<testsuite skipped="0" hostname="DESKTOP-SH9FNBM" name="com.firstMavenProject.testCases.TC_AddCustomerTest_003" tests="1" failures="0" timestamp="2020-09-02T13:25:28 PDT" time="13.604" errors="0">
  <testcase name="addNewCustomer" time="13.604" classname="com.firstMavenProject.testCases.TC_AddCustomerTest_003"/>
  <system-out/>
</testsuite> <!-- com.firstMavenProject.testCases.TC_AddCustomerTest_003 -->
